<?xml version="1.0" encoding="UTF-8"?>
<!-- Generated by org.testng.reporters.JUnitReportReporter -->
<testsuite hostname="IRFAN" failures="0" tests="1" name="irfanhub.qa.sampleproject.testscripts.LoginPageTest" time="0.464" errors="0" timestamp="2022-02-11T12:12:21 IST" skipped="0">
  <testcase classname="irfanhub.qa.sampleproject.testscripts.LoginPageTest" name="validateTitle" time="0.464"/>
  <system-out/>
</testsuite> <!-- irfanhub.qa.sampleproject.testscripts.LoginPageTest -->
